#
# There is insufficient memory for the Java Runtime Environment to continue.
# Native memory allocation (malloc) failed to allocate 1891056 bytes for Chunk::new
# Possible reasons:
#   The system is out of physical RAM or swap space
#   The process is running with CompressedOops enabled, and the Java Heap may be blocking the growth of the native heap
# Possible solutions:
#   Reduce memory load on the system
#   Increase physical memory or swap space
#   Check if swap backing store is full
#   Decrease Java heap size (-Xmx/-Xms)
#   Decrease number of Java threads
#   Decrease Java thread stack sizes (-Xss)
#   Set larger code cache with -XX:ReservedCodeCacheSize=
#   JVM is running with Unscaled Compressed Oops mode in which the Java heap is
#     placed in the first 4GB address space. The Java Heap base address is the
#     maximum limit for the native heap growth. Please use -XX:HeapBaseMinAddress
#     to set the Java Heap base and to place the Java Heap above 4GB virtual address.
# This output file may be truncated or incomplete.
#
#  Out of Memory Error (./src/hotspot/share/memory/arena.cpp:197), pid=15080, tid=4796
#
# JRE version: OpenJDK Runtime Environment Microsoft-40648 (11.0.16.1+1) (build 11.0.16.1+1-LTS)
# Java VM: OpenJDK 64-Bit Server VM Microsoft-40648 (11.0.16.1+1-LTS, mixed mode, tiered, compressed oops, g1 gc, windows-amd64)
# No core dump will be written. Minidumps are not enabled by default on client versions of Windows
#

---------------  S U M M A R Y ------------

Command Line: --add-opens=java.base/java.util=ALL-UNNAMED --add-opens=java.base/java.lang=ALL-UNNAMED --add-opens=java.base/java.lang.invoke=ALL-UNNAMED --add-opens=java.prefs/java.util.prefs=ALL-UNNAMED -Xmx1536m -Dfile.encoding=windows-1252 -Duser.country=US -Duser.language=en -Duser.variant org.gradle.launcher.daemon.bootstrap.GradleDaemon 6.1.1

Host: Intel(R) Core(TM) i5 CPU       M 460  @ 2.53GHz, 4 cores, 3G,  Windows 10 , 64 bit Build 19041 (10.0.19041.2788)
Time: Wed Apr 26 15:14:21 2023 Arabian Standard Time elapsed time: 1228.143195 seconds (0d 0h 20m 28s)

---------------  T H R E A D  ---------------

Current thread (0x000001f4d3afc000):  JavaThread "C2 CompilerThread0" daemon [_thread_in_native, id=4796, stack(0x00000027f1b00000,0x00000027f1c00000)]


Current CompileTask:
C2:1228144 17790       4       org.gradle.internal.component.model.ComponentAttributeMatcher::match (318 bytes)

Stack: [0x00000027f1b00000,0x00000027f1c00000]
Native frames: (J=compiled Java code, j=interpreted, Vv=VM code, C=native code)
V  [jvm.dll+0x62652a]
V  [jvm.dll+0x7b3249]
V  [jvm.dll+0x7b4938]
V  [jvm.dll+0x7b5013]
V  [jvm.dll+0x24fca8]
V  [jvm.dll+0xc262c]
V  [jvm.dll+0xc2bec]
V  [jvm.dll+0x359e77]
V  [jvm.dll+0x326003]
V  [jvm.dll+0x32533a]
V  [jvm.dll+0x208fd5]
V  [jvm.dll+0x2080fd]
V  [jvm.dll+0x18a411]
V  [jvm.dll+0x217954]
V  [jvm.dll+0x215b9b]
V  [jvm.dll+0x775d50]
V  [jvm.dll+0x76ec84]
V  [jvm.dll+0x625395]
C  [ucrtbase.dll+0x21bb2]
C  [KERNEL32.DLL+0x17604]
C  [ntdll.dll+0x526a1]


---------------  P R O C E S S  ---------------

Threads class SMR info:
_java_thread_list=0x000001f4df4cb560, length=44, elements={
0x000001f4b658b800, 0x000001f4d3a99000, 0x000001f4d3a9a000, 0x000001f4d3af5800,
0x000001f4d3af7000, 0x000001f4d3af9000, 0x000001f4d3afc000, 0x000001f4d3b01800,
0x000001f4d3b19800, 0x000001f4d4564000, 0x000001f4d5f81800, 0x000001f4d564e000,
0x000001f4d5941800, 0x000001f4d4969800, 0x000001f4d496a800, 0x000001f4d496d000,
0x000001f4d4968000, 0x000001f4dc309800, 0x000001f4dc30f000, 0x000001f4dc311000,
0x000001f4dc311800, 0x000001f4dc30c000, 0x000001f4dc312800, 0x000001f4dc30c800,
0x000001f4dc313000, 0x000001f4dc318000, 0x000001f4dc316800, 0x000001f4dc314000,
0x000001f4dc317800, 0x000001f4dc315000, 0x000001f4dc315800, 0x000001f4d54dc800,
0x000001f4d54dc000, 0x000001f4d54dd800, 0x000001f4d54d8000, 0x000001f4d54db000,
0x000001f4d54d9800, 0x000001f4d54de800, 0x000001f4d54d8800, 0x000001f4d54e1000,
0x000001f4d54df000, 0x000001f4d54e2800, 0x000001f4d54e0000, 0x000001f4d54e3000
}

Java Threads: ( => current thread )
  0x000001f4b658b800 JavaThread "main" [_thread_blocked, id=12672, stack(0x00000027f0f00000,0x00000027f1000000)]
  0x000001f4d3a99000 JavaThread "Reference Handler" daemon [_thread_blocked, id=8688, stack(0x00000027f1600000,0x00000027f1700000)]
  0x000001f4d3a9a000 JavaThread "Finalizer" daemon [_thread_blocked, id=14688, stack(0x00000027f1700000,0x00000027f1800000)]
  0x000001f4d3af5800 JavaThread "Signal Dispatcher" daemon [_thread_blocked, id=1880, stack(0x00000027f1800000,0x00000027f1900000)]
  0x000001f4d3af7000 JavaThread "Attach Listener" daemon [_thread_blocked, id=5112, stack(0x00000027f1900000,0x00000027f1a00000)]
  0x000001f4d3af9000 JavaThread "Service Thread" daemon [_thread_blocked, id=11008, stack(0x00000027f1a00000,0x00000027f1b00000)]
=>0x000001f4d3afc000 JavaThread "C2 CompilerThread0" daemon [_thread_in_native, id=4796, stack(0x00000027f1b00000,0x00000027f1c00000)]
  0x000001f4d3b01800 JavaThread "C1 CompilerThread0" daemon [_thread_blocked, id=15376, stack(0x00000027f1c00000,0x00000027f1d00000)]
  0x000001f4d3b19800 JavaThread "Sweeper thread" daemon [_thread_blocked, id=9904, stack(0x00000027f1d00000,0x00000027f1e00000)]
  0x000001f4d4564000 JavaThread "Common-Cleaner" daemon [_thread_blocked, id=15100, stack(0x00000027f1e00000,0x00000027f1f00000)]
  0x000001f4d5f81800 JavaThread "Daemon health stats" [_thread_blocked, id=10008, stack(0x00000027f2100000,0x00000027f2200000)]
  0x000001f4d564e000 JavaThread "Incoming local TCP Connector on port 57792" [_thread_in_native, id=10056, stack(0x00000027f2200000,0x00000027f2300000)]
  0x000001f4d5941800 JavaThread "Daemon periodic checks" [_thread_blocked, id=1708, stack(0x00000027f2300000,0x00000027f2400000)]
  0x000001f4d4969800 JavaThread "Cache worker for journal cache (C:\Users\MK-91\.gradle\caches\journal-1)" [_thread_blocked, id=8480, stack(0x00000027f2d00000,0x00000027f2e00000)]
  0x000001f4d496a800 JavaThread "File lock request listener" [_thread_in_native, id=9892, stack(0x00000027f2e00000,0x00000027f2f00000)]
  0x000001f4d496d000 JavaThread "Cache worker for file hash cache (C:\Users\MK-91\.gradle\caches\6.1.1\fileHashes)" [_thread_blocked, id=5668, stack(0x00000027f2f00000,0x00000027f3000000)]
  0x000001f4d4968000 JavaThread "Cache worker for execution history cache (C:\Users\MK-91\.gradle\caches\6.1.1\executionHistory)" [_thread_blocked, id=1084, stack(0x00000027f3400000,0x00000027f3500000)]
  0x000001f4dc309800 JavaThread "Daemon Thread 2" [_thread_blocked, id=16148, stack(0x00000027f0c00000,0x00000027f0d00000)]
  0x000001f4dc30f000 JavaThread "Handler for socket connection from /127.0.0.1:57792 to /127.0.0.1:58716" [_thread_in_native, id=7792, stack(0x00000027f0d00000,0x00000027f0e00000)]
  0x000001f4dc311000 JavaThread "Cancel handler" [_thread_blocked, id=16308, stack(0x00000027f0e00000,0x00000027f0f00000)]
  0x000001f4dc311800 JavaThread "Daemon worker Thread 2" [_thread_blocked, id=15168, stack(0x00000027f2600000,0x00000027f2700000)]
  0x000001f4dc30c000 JavaThread "Asynchronous log dispatcher for DefaultDaemonConnection: socket connection from /127.0.0.1:57792 to /127.0.0.1:58716" [_thread_blocked, id=12644, stack(0x00000027f2700000,0x00000027f2800000)]
  0x000001f4dc312800 JavaThread "Thread-33" [_thread_blocked, id=10524, stack(0x00000027f2900000,0x00000027f2a00000)]
  0x000001f4dc30c800 JavaThread "Cache worker for checksums cache (C:\Users\MK-91\Documents\AndroidStudioProjects\Android-Image-Slider-master\.gradle\checksums)" [_thread_blocked, id=16264, stack(0x00000027f2a00000,0x00000027f2b00000)]
  0x000001f4dc313000 JavaThread "Cache worker for file hash cache (C:\Users\MK-91\Documents\AndroidStudioProjects\Android-Image-Slider-master\.gradle\6.1.1\fileHashes)" [_thread_blocked, id=14300, stack(0x00000027f2c00000,0x00000027f2d00000)]
  0x000001f4dc318000 JavaThread "Cache worker for cache directory md-supplier (C:\Users\MK-91\.gradle\caches\6.1.1\md-supplier)" [_thread_blocked, id=3056, stack(0x00000027f3000000,0x00000027f3100000)]
  0x000001f4dc316800 JavaThread "Cache worker for cache directory md-rule (C:\Users\MK-91\.gradle\caches\6.1.1\md-rule)" [_thread_blocked, id=7380, stack(0x00000027f3100000,0x00000027f3200000)]
  0x000001f4dc314000 JavaThread "Build operations" [_thread_blocked, id=312, stack(0x00000027f3200000,0x00000027f3300000)]
  0x000001f4dc317800 JavaThread "Build operations Thread 2" [_thread_blocked, id=8304, stack(0x00000027f3300000,0x00000027f3400000)]
  0x000001f4dc315000 JavaThread "Build operations Thread 3" [_thread_blocked, id=2168, stack(0x00000027f3500000,0x00000027f3600000)]
  0x000001f4dc315800 JavaThread "Build operations Thread 4" [_thread_blocked, id=10148, stack(0x00000027f3600000,0x00000027f3700000)]
  0x000001f4d54dc800 JavaThread "pool-5-thread-1" [_thread_blocked, id=2936, stack(0x00000027f3700000,0x00000027f3800000)]
  0x000001f4d54dc000 JavaThread "Cache worker for Build Output Cleanup Cache (C:\Users\MK-91\Documents\AndroidStudioProjects\Android-Image-Slider-master\.gradle\buildOutputCleanup)" [_thread_blocked, id=11716, stack(0x00000027f3800000,0x00000027f3900000)]
  0x000001f4d54dd800 JavaThread "Memory manager" [_thread_blocked, id=14748, stack(0x00000027f3a00000,0x00000027f3b00000)]
  0x000001f4d54d8000 JavaThread "Cache worker for file content cache (C:\Users\MK-91\.gradle\caches\6.1.1\fileContent)" [_thread_blocked, id=13492, stack(0x00000027f3b00000,0x00000027f3c00000)]
  0x000001f4d54db000 JavaThread "Cache worker for file content cache (C:\Users\MK-91\Documents\AndroidStudioProjects\Android-Image-Slider-master\.gradle\6.1.1\fileContent)" [_thread_blocked, id=3060, stack(0x00000027f3c00000,0x00000027f3d00000)]
  0x000001f4d54d9800 JavaThread "Execution worker for ':'" [_thread_in_native, id=14360, stack(0x00000027f3d00000,0x00000027f3e00000)]
  0x000001f4d54de800 JavaThread "Execution worker for ':' Thread 2" [_thread_blocked, id=14216, stack(0x00000027f3e00000,0x00000027f3f00000)]
  0x000001f4d54d8800 JavaThread "Execution worker for ':' Thread 3" [_thread_blocked, id=1184, stack(0x00000027f3f00000,0x00000027f4000000)]
  0x000001f4d54e1000 JavaThread "Cache worker for execution history cache (C:\Users\MK-91\Documents\AndroidStudioProjects\Android-Image-Slider-master\.gradle\6.1.1\executionHistory)" [_thread_blocked, id=14332, stack(0x00000027f4000000,0x00000027f4100000)]
  0x000001f4d54df000 JavaThread "WorkerExecutor Queue" [_thread_blocked, id=1512, stack(0x00000027f4100000,0x00000027f4200000)]
  0x000001f4d54e2800 JavaThread "pool-6-thread-1" [_thread_blocked, id=7628, stack(0x00000027f2800000,0x00000027f2900000)]
  0x000001f4d54e0000 JavaThread "stderr" [_thread_in_native, id=6988, stack(0x00000027f4300000,0x00000027f4400000)]
  0x000001f4d54e3000 JavaThread "stdout" [_thread_in_native, id=13488, stack(0x00000027f4400000,0x00000027f4500000)]

Other Threads:
  0x000001f4d3a74000 VMThread "VM Thread" [stack: 0x00000027f1500000,0x00000027f1600000] [id=10332]
  0x000001f4d4577000 WatcherThread [stack: 0x00000027f1f00000,0x00000027f2000000] [id=8904]
  0x000001f4b65a5000 GCTaskThread "GC Thread#0" [stack: 0x00000027f1000000,0x00000027f1100000] [id=10320]
  0x000001f4d4b4d000 GCTaskThread "GC Thread#1" [stack: 0x00000027f2000000,0x00000027f2100000] [id=12992]
  0x000001f4d4dae000 GCTaskThread "GC Thread#2" [stack: 0x00000027f2400000,0x00000027f2500000] [id=14060]
  0x000001f4d5b5a000 GCTaskThread "GC Thread#3" [stack: 0x00000027f2500000,0x00000027f2600000] [id=12628]
  0x000001f4b65cb000 ConcurrentGCThread "G1 Main Marker" [stack: 0x00000027f1100000,0x00000027f1200000] [id=16172]
  0x000001f4b65cd000 ConcurrentGCThread "G1 Conc#0" [stack: 0x00000027f1200000,0x00000027f1300000] [id=7952]
  0x000001f4b6616800 ConcurrentGCThread "G1 Refine#0" [stack: 0x00000027f1300000,0x00000027f1400000] [id=4620]
  0x000001f4db7d8800 ConcurrentGCThread "G1 Refine#1" [stack: 0x00000027f2b00000,0x00000027f2c00000] [id=4516]
  0x000001f4b6618800 ConcurrentGCThread "G1 Young RemSet Sampling" [stack: 0x00000027f1400000,0x00000027f1500000] [id=5888]

Threads with active compile tasks:
C2 CompilerThread0  1228334 17790       4       org.gradle.internal.component.model.ComponentAttributeMatcher::match (318 bytes)

VM state:not at safepoint (normal execution)

VM Mutex/Monitor currently owned by a thread: None

Heap address: 0x00000000a0000000, size: 1536 MB, Compressed Oops mode: 32-bit
Narrow klass base: 0x0000000000000000, Narrow klass shift: 3
Compressed class space size: 1073741824 Address: 0x0000000100000000

Heap:
 garbage-first heap   total 243712K, used 182602K [0x00000000a0000000, 0x0000000100000000)
  region size 1024K, 5 young (5120K), 3 survivors (3072K)
 Metaspace       used 110474K, capacity 113528K, committed 113584K, reserved 1148928K
  class space    used 13296K, capacity 14289K, committed 14336K, reserved 1048576K
Heap Regions: E=young(eden), S=young(survivor), O=old, HS=humongous(starts), HC=humongous(continues), CS=collection set, F=free, A=archive, TAMS=top-at-mark-start (previous, next)
|   0|0x00000000a0000000, 0x00000000a0100000, 0x00000000a0100000|100%| O|  |TAMS 0x00000000a0100000, 0x00000000a0000000| Untracked 
|   1|0x00000000a0100000, 0x00000000a0200000, 0x00000000a0200000|100%| O|  |TAMS 0x00000000a0200000, 0x00000000a0100000| Untracked 
|   2|0x00000000a0200000, 0x00000000a0300000, 0x00000000a0300000|100%| O|  |TAMS 0x00000000a0300000, 0x00000000a0200000| Untracked 
|   3|0x00000000a0300000, 0x00000000a0400000, 0x00000000a0400000|100%|HS|  |TAMS 0x00000000a0400000, 0x00000000a0300000| Complete 
|   4|0x00000000a0400000, 0x00000000a0500000, 0x00000000a0500000|100%|HC|  |TAMS 0x00000000a0500000, 0x00000000a0400000| Complete 
|   5|0x00000000a0500000, 0x00000000a0600000, 0x00000000a0600000|100%|HC|  |TAMS 0x00000000a0600000, 0x00000000a0500000| Complete 
|   6|0x00000000a0600000, 0x00000000a0700000, 0x00000000a0700000|100%| O|  |TAMS 0x00000000a0700000, 0x00000000a0600000| Untracked 
|   7|0x00000000a0700000, 0x00000000a0800000, 0x00000000a0800000|100%| O|  |TAMS 0x00000000a0800000, 0x00000000a0700000| Untracked 
|   8|0x00000000a0800000, 0x00000000a0900000, 0x00000000a0900000|100%| O|  |TAMS 0x00000000a0900000, 0x00000000a0800000| Untracked 
|   9|0x00000000a0900000, 0x00000000a0a00000, 0x00000000a0a00000|100%| O|  |TAMS 0x00000000a0a00000, 0x00000000a0900000| Untracked 
|  10|0x00000000a0a00000, 0x00000000a0b00000, 0x00000000a0b00000|100%| O|  |TAMS 0x00000000a0b00000, 0x00000000a0a00000| Untracked 
|  11|0x00000000a0b00000, 0x00000000a0c00000, 0x00000000a0c00000|100%| O|  |TAMS 0x00000000a0c00000, 0x00000000a0b00000| Untracked 
|  12|0x00000000a0c00000, 0x00000000a0d00000, 0x00000000a0d00000|100%| O|  |TAMS 0x00000000a0d00000, 0x00000000a0c00000| Untracked 
|  13|0x00000000a0d00000, 0x00000000a0e00000, 0x00000000a0e00000|100%| O|  |TAMS 0x00000000a0e00000, 0x00000000a0d00000| Untracked 
|  14|0x00000000a0e00000, 0x00000000a0f00000, 0x00000000a0f00000|100%| O|  |TAMS 0x00000000a0f00000, 0x00000000a0e00000| Untracked 
|  15|0x00000000a0f00000, 0x00000000a1000000, 0x00000000a1000000|100%|HS|  |TAMS 0x00000000a1000000, 0x00000000a0f00000| Complete 
|  16|0x00000000a1000000, 0x00000000a1100000, 0x00000000a1100000|100%|HC|  |TAMS 0x00000000a1100000, 0x00000000a1000000| Complete 
|  17|0x00000000a1100000, 0x00000000a1200000, 0x00000000a1200000|100%|HS|  |TAMS 0x00000000a1200000, 0x00000000a1100000| Complete 
|  18|0x00000000a1200000, 0x00000000a1300000, 0x00000000a1300000|100%|HC|  |TAMS 0x00000000a1300000, 0x00000000a1200000| Complete 
|  19|0x00000000a1300000, 0x00000000a1400000, 0x00000000a1400000|100%|HC|  |TAMS 0x00000000a1400000, 0x00000000a1300000| Complete 
|  20|0x00000000a1400000, 0x00000000a1500000, 0x00000000a1500000|100%|HS|  |TAMS 0x00000000a1500000, 0x00000000a1400000| Complete 
|  21|0x00000000a1500000, 0x00000000a1600000, 0x00000000a1600000|100%|HC|  |TAMS 0x00000000a1600000, 0x00000000a1500000| Complete 
|  22|0x00000000a1600000, 0x00000000a1700000, 0x00000000a1700000|100%|HC|  |TAMS 0x00000000a1700000, 0x00000000a1600000| Complete 
|  23|0x00000000a1700000, 0x00000000a1800000, 0x00000000a1800000|100%|HS|  |TAMS 0x00000000a1800000, 0x00000000a1700000| Complete 
|  24|0x00000000a1800000, 0x00000000a1900000, 0x00000000a1900000|100%|HC|  |TAMS 0x00000000a1900000, 0x00000000a1800000| Complete 
|  25|0x00000000a1900000, 0x00000000a1a00000, 0x00000000a1a00000|100%| O|  |TAMS 0x00000000a1a00000, 0x00000000a1900000| Untracked 
|  26|0x00000000a1a00000, 0x00000000a1b00000, 0x00000000a1b00000|100%|HS|  |TAMS 0x00000000a1b00000, 0x00000000a1a00000| Complete 
|  27|0x00000000a1b00000, 0x00000000a1c00000, 0x00000000a1c00000|100%|HC|  |TAMS 0x00000000a1c00000, 0x00000000a1b00000| Complete 
|  28|0x00000000a1c00000, 0x00000000a1d00000, 0x00000000a1d00000|100%|HC|  |TAMS 0x00000000a1d00000, 0x00000000a1c00000| Complete 
|  29|0x00000000a1d00000, 0x00000000a1e00000, 0x00000000a1e00000|100%|HC|  |TAMS 0x00000000a1e00000, 0x00000000a1d00000| Complete 
|  30|0x00000000a1e00000, 0x00000000a1f00000, 0x00000000a1f00000|100%|HC|  |TAMS 0x00000000a1f00000, 0x00000000a1e00000| Complete 
|  31|0x00000000a1f00000, 0x00000000a2000000, 0x00000000a2000000|100%|HC|  |TAMS 0x00000000a2000000, 0x00000000a1f00000| Complete 
|  32|0x00000000a2000000, 0x00000000a2100000, 0x00000000a2100000|100%|HC|  |TAMS 0x00000000a2100000, 0x00000000a2000000| Complete 
|  33|0x00000000a2100000, 0x00000000a2200000, 0x00000000a2200000|100%|HC|  |TAMS 0x00000000a2200000, 0x00000000a2100000| Complete 
|  34|0x00000000a2200000, 0x00000000a2300000, 0x00000000a2300000|100%|HC|  |TAMS 0x00000000a2300000, 0x00000000a2200000| Complete 
|  35|0x00000000a2300000, 0x00000000a2400000, 0x00000000a2400000|100%|HC|  |TAMS 0x00000000a2400000, 0x00000000a2300000| Complete 
|  36|0x00000000a2400000, 0x00000000a2500000, 0x00000000a2500000|100%| O|  |TAMS 0x00000000a2500000, 0x00000000a2400000| Untracked 
|  37|0x00000000a2500000, 0x00000000a2600000, 0x00000000a2600000|100%| O|  |TAMS 0x00000000a2600000, 0x00000000a2500000| Untracked 
|  38|0x00000000a2600000, 0x00000000a2700000, 0x00000000a2700000|100%| O|  |TAMS 0x00000000a2700000, 0x00000000a2600000| Untracked 
|  39|0x00000000a2700000, 0x00000000a2800000, 0x00000000a2800000|100%| O|  |TAMS 0x00000000a2800000, 0x00000000a2700000| Untracked 
|  40|0x00000000a2800000, 0x00000000a2900000, 0x00000000a2900000|100%|HS|  |TAMS 0x00000000a2900000, 0x00000000a2800000| Complete 
|  41|0x00000000a2900000, 0x00000000a2a00000, 0x00000000a2a00000|100%|HC|  |TAMS 0x00000000a2a00000, 0x00000000a2900000| Complete 
|  42|0x00000000a2a00000, 0x00000000a2b00000, 0x00000000a2b00000|100%|HS|  |TAMS 0x00000000a2b00000, 0x00000000a2a00000| Complete 
|  43|0x00000000a2b00000, 0x00000000a2c00000, 0x00000000a2c00000|100%|HC|  |TAMS 0x00000000a2c00000, 0x00000000a2b00000| Complete 
|  44|0x00000000a2c00000, 0x00000000a2d00000, 0x00000000a2d00000|100%|HC|  |TAMS 0x00000000a2d00000, 0x00000000a2c00000| Complete 
|  45|0x00000000a2d00000, 0x00000000a2e00000, 0x00000000a2e00000|100%|HC|  |TAMS 0x00000000a2e00000, 0x00000000a2d00000| Complete 
|  46|0x00000000a2e00000, 0x00000000a2f00000, 0x00000000a2f00000|100%|HC|  |TAMS 0x00000000a2f00000, 0x00000000a2e00000| Complete 
|  47|0x00000000a2f00000, 0x00000000a3000000, 0x00000000a3000000|100%|HC|  |TAMS 0x00000000a3000000, 0x00000000a2f00000| Complete 
|  48|0x00000000a3000000, 0x00000000a3100000, 0x00000000a3100000|100%|HS|  |TAMS 0x00000000a3100000, 0x00000000a3000000| Complete 
|  49|0x00000000a3100000, 0x00000000a3200000, 0x00000000a3200000|100%| O|  |TAMS 0x00000000a3200000, 0x00000000a3100000| Untracked 
|  50|0x00000000a3200000, 0x00000000a3300000, 0x00000000a3300000|100%| O|  |TAMS 0x00000000a3300000, 0x00000000a3200000| Untracked 
|  51|0x00000000a3300000, 0x00000000a3400000, 0x00000000a3400000|100%| O|  |TAMS 0x00000000a3400000, 0x00000000a3300000| Untracked 
|  52|0x00000000a3400000, 0x00000000a3500000, 0x00000000a3500000|100%| O|  |TAMS 0x00000000a3500000, 0x00000000a3400000| Untracked 
|  53|0x00000000a3500000, 0x00000000a3600000, 0x00000000a3600000|100%| O|  |TAMS 0x00000000a3600000, 0x00000000a3500000| Untracked 
|  54|0x00000000a3600000, 0x00000000a3700000, 0x00000000a3700000|100%| O|  |TAMS 0x00000000a3700000, 0x00000000a3600000| Untracked 
|  55|0x00000000a3700000, 0x00000000a3800000, 0x00000000a3800000|100%| O|  |TAMS 0x00000000a3800000, 0x00000000a3700000| Untracked 
|  56|0x00000000a3800000, 0x00000000a3900000, 0x00000000a3900000|100%| O|  |TAMS 0x00000000a3900000, 0x00000000a3800000| Untracked 
|  57|0x00000000a3900000, 0x00000000a3a00000, 0x00000000a3a00000|100%| O|  |TAMS 0x00000000a3a00000, 0x00000000a3900000| Untracked 
|  58|0x00000000a3a00000, 0x00000000a3b00000, 0x00000000a3b00000|100%| O|  |TAMS 0x00000000a3b00000, 0x00000000a3a00000| Untracked 
|  59|0x00000000a3b00000, 0x00000000a3c00000, 0x00000000a3c00000|100%| O|  |TAMS 0x00000000a3c00000, 0x00000000a3b00000| Untracked 
|  60|0x00000000a3c00000, 0x00000000a3d00000, 0x00000000a3d00000|100%| O|  |TAMS 0x00000000a3d00000, 0x00000000a3c00000| Untracked 
|  61|0x00000000a3d00000, 0x00000000a3e00000, 0x00000000a3e00000|100%|HS|  |TAMS 0x00000000a3e00000, 0x00000000a3d00000| Complete 
|  62|0x00000000a3e00000, 0x00000000a3f00000, 0x00000000a3f00000|100%|HC|  |TAMS 0x00000000a3f00000, 0x00000000a3e00000| Complete 
|  63|0x00000000a3f00000, 0x00000000a4000000, 0x00000000a4000000|100%|HC|  |TAMS 0x00000000a4000000, 0x00000000a3f00000| Complete 
|  64|0x00000000a4000000, 0x00000000a4100000, 0x00000000a4100000|100%| O|  |TAMS 0x00000000a4100000, 0x00000000a4000000| Untracked 
|  65|0x00000000a4100000, 0x00000000a4200000, 0x00000000a4200000|100%|HS|  |TAMS 0x00000000a4200000, 0x00000000a4100000| Complete 
|  66|0x00000000a4200000, 0x00000000a4300000, 0x00000000a4300000|100%|HC|  |TAMS 0x00000000a4300000, 0x00000000a4200000| Complete 
|  67|0x00000000a4300000, 0x00000000a4400000, 0x00000000a4400000|100%| O|  |TAMS 0x00000000a4400000, 0x00000000a4300000| Untracked 
|  68|0x00000000a4400000, 0x00000000a4500000, 0x00000000a4500000|100%| O|  |TAMS 0x00000000a4500000, 0x00000000a4400000| Untracked 
|  69|0x00000000a4500000, 0x00000000a4600000, 0x00000000a4600000|100%| O|  |TAMS 0x00000000a4600000, 0x00000000a4500000| Untracked 
|  70|0x00000000a4600000, 0x00000000a4700000, 0x00000000a4700000|100%| O|  |TAMS 0x00000000a4700000, 0x00000000a4600000| Untracked 
|  71|0x00000000a4700000, 0x00000000a4800000, 0x00000000a4800000|100%| O|  |TAMS 0x00000000a4800000, 0x00000000a4700000| Untracked 
|  72|0x00000000a4800000, 0x00000000a4900000, 0x00000000a4900000|100%| O|  |TAMS 0x00000000a4900000, 0x00000000a4800000| Untracked 
|  73|0x00000000a4900000, 0x00000000a4a00000, 0x00000000a4a00000|100%| O|  |TAMS 0x00000000a4900000, 0x00000000a4900000| Untracked 
|  74|0x00000000a4a00000, 0x00000000a4b00000, 0x00000000a4b00000|100%| O|  |TAMS 0x00000000a4b00000, 0x00000000a4a00000| Untracked 
|  75|0x00000000a4b00000, 0x00000000a4c00000, 0x00000000a4c00000|100%| O|  |TAMS 0x00000000a4c00000, 0x00000000a4b00000| Untracked 
|  76|0x00000000a4c00000, 0x00000000a4d00000, 0x00000000a4d00000|100%| O|  |TAMS 0x00000000a4d00000, 0x00000000a4c00000| Untracked 
|  77|0x00000000a4d00000, 0x00000000a4e00000, 0x00000000a4e00000|100%| O|  |TAMS 0x00000000a4e00000, 0x00000000a4d00000| Untracked 
|  78|0x00000000a4e00000, 0x00000000a4f00000, 0x00000000a4f00000|100%| O|  |TAMS 0x00000000a4f00000, 0x00000000a4e00000| Untracked 
|  79|0x00000000a4f00000, 0x00000000a5000000, 0x00000000a5000000|100%| O|  |TAMS 0x00000000a5000000, 0x00000000a4f00000| Untracked 
|  80|0x00000000a5000000, 0x00000000a5100000, 0x00000000a5100000|100%| O|  |TAMS 0x00000000a5100000, 0x00000000a5000000| Untracked 
|  81|0x00000000a5100000, 0x00000000a5200000, 0x00000000a5200000|100%| O|  |TAMS 0x00000000a5200000, 0x00000000a5100000| Untracked 
|  82|0x00000000a5200000, 0x00000000a5300000, 0x00000000a5300000|100%| O|  |TAMS 0x00000000a5300000, 0x00000000a5200000| Untracked 
|  83|0x00000000a5300000, 0x00000000a5400000, 0x00000000a5400000|100%| O|  |TAMS 0x00000000a5400000, 0x00000000a5300000| Untracked 
|  84|0x00000000a5400000, 0x00000000a5500000, 0x00000000a5500000|100%| O|  |TAMS 0x00000000a5500000, 0x00000000a5400000| Untracked 
|  85|0x00000000a5500000, 0x00000000a5600000, 0x00000000a5600000|100%| O|  |TAMS 0x00000000a5600000, 0x00000000a5500000| Untracked 
|  86|0x00000000a5600000, 0x00000000a5700000, 0x00000000a5700000|100%| O|  |TAMS 0x00000000a5700000, 0x00000000a5600000| Untracked 
|  87|0x00000000a5700000, 0x00000000a5800000, 0x00000000a5800000|100%| O|  |TAMS 0x00000000a5800000, 0x00000000a5700000| Untracked 
|  88|0x00000000a5800000, 0x00000000a5900000, 0x00000000a5900000|100%| O|  |TAMS 0x00000000a5900000, 0x00000000a5800000| Untracked 
|  89|0x00000000a5900000, 0x00000000a5a00000, 0x00000000a5a00000|100%| O|  |TAMS 0x00000000a5a00000, 0x00000000a5900000| Untracked 
|  90|0x00000000a5a00000, 0x00000000a5b00000, 0x00000000a5b00000|100%| O|  |TAMS 0x00000000a5b00000, 0x00000000a5a00000| Untracked 
|  91|0x00000000a5b00000, 0x00000000a5c00000, 0x00000000a5c00000|100%| O|  |TAMS 0x00000000a5c00000, 0x00000000a5b00000| Untracked 
|  92|0x00000000a5c00000, 0x00000000a5d00000, 0x00000000a5d00000|100%| O|  |TAMS 0x00000000a5d00000, 0x00000000a5c00000| Untracked 
|  93|0x00000000a5d00000, 0x00000000a5e00000, 0x00000000a5e00000|100%|HS|  |TAMS 0x00000000a5e00000, 0x00000000a5d00000| Complete 
|  94|0x00000000a5e00000, 0x00000000a5f00000, 0x00000000a5f00000|100%|HC|  |TAMS 0x00000000a5f00000, 0x00000000a5e00000| Complete 
|  95|0x00000000a5f00000, 0x00000000a6000000, 0x00000000a6000000|100%|HS|  |TAMS 0x00000000a6000000, 0x00000000a5f00000| Complete 
|  96|0x00000000a6000000, 0x00000000a6100000, 0x00000000a6100000|100%|HC|  |TAMS 0x00000000a6100000, 0x00000000a6000000| Complete 
|  97|0x00000000a6100000, 0x00000000a6200000, 0x00000000a6200000|100%|HC|  |TAMS 0x00000000a6200000, 0x00000000a6100000| Complete 
|  98|0x00000000a6200000, 0x00000000a6300000, 0x00000000a6300000|100%|HS|  |TAMS 0x00000000a6300000, 0x00000000a6200000| Complete 
|  99|0x00000000a6300000, 0x00000000a6400000, 0x00000000a6400000|100%|HC|  |TAMS 0x00000000a6400000, 0x00000000a6300000| Complete 
| 100|0x00000000a6400000, 0x00000000a6500000, 0x00000000a6500000|100%|HC|  |TAMS 0x00000000a6500000, 0x00000000a6400000| Complete 
| 101|0x00000000a6500000, 0x00000000a6600000, 0x00000000a6600000|100%| O|  |TAMS 0x00000000a6600000, 0x00000000a6500000| Untracked 
| 102|0x00000000a6600000, 0x00000000a6700000, 0x00000000a6700000|100%| O|  |TAMS 0x00000000a6700000, 0x00000000a6600000| Untracked 
| 103|0x00000000a6700000, 0x00000000a6800000, 0x00000000a6800000|100%|HS|  |TAMS 0x00000000a6800000, 0x00000000a6700000| Complete 
| 104|0x00000000a6800000, 0x00000000a6900000, 0x00000000a6900000|100%|HC|  |TAMS 0x00000000a6900000, 0x00000000a6800000| Complete 
| 105|0x00000000a6900000, 0x00000000a6a00000, 0x00000000a6a00000|100%|HS|  |TAMS 0x00000000a6a00000, 0x00000000a6900000| Complete 
| 106|0x00000000a6a00000, 0x00000000a6b00000, 0x00000000a6b00000|100%|HC|  |TAMS 0x00000000a6b00000, 0x00000000a6a00000| Complete 
| 107|0x00000000a6b00000, 0x00000000a6c00000, 0x00000000a6c00000|100%|HC|  |TAMS 0x00000000a6c00000, 0x00000000a6b00000| Complete 
| 108|0x00000000a6c00000, 0x00000000a6d00000, 0x00000000a6d00000|100%|HC|  |TAMS 0x00000000a6d00000, 0x00000000a6c00000| Complete 
| 109|0x00000000a6d00000, 0x00000000a6e00000, 0x00000000a6e00000|100%|HC|  |TAMS 0x00000000a6e00000, 0x00000000a6d00000| Complete 
| 110|0x00000000a6e00000, 0x00000000a6f00000, 0x00000000a6f00000|100%|HC|  |TAMS 0x00000000a6f00000, 0x00000000a6e00000| Complete 
| 111|0x00000000a6f00000, 0x00000000a7000000, 0x00000000a7000000|100%|HC|  |TAMS 0x00000000a7000000, 0x00000000a6f00000| Complete 
| 112|0x00000000a7000000, 0x00000000a7100000, 0x00000000a7100000|100%|HC|  |TAMS 0x00000000a7100000, 0x00000000a7000000| Complete 
| 113|0x00000000a7100000, 0x00000000a7200000, 0x00000000a7200000|100%|HC|  |TAMS 0x00000000a7200000, 0x00000000a7100000| Complete 
| 114|0x00000000a7200000, 0x00000000a7300000, 0x00000000a7300000|100%|HC|  |TAMS 0x00000000a7300000, 0x00000000a7200000| Complete 
| 115|0x00000000a7300000, 0x00000000a7400000, 0x00000000a7400000|100%|HS|  |TAMS 0x00000000a7400000, 0x00000000a7300000| Complete 
| 116|0x00000000a7400000, 0x00000000a7500000, 0x00000000a7500000|100%|HC|  |TAMS 0x00000000a7500000, 0x00000000a7400000| Complete 
| 117|0x00000000a7500000, 0x00000000a7600000, 0x00000000a7600000|100%|HS|  |TAMS 0x00000000a7600000, 0x00000000a7500000| Complete 
| 118|0x00000000a7600000, 0x00000000a7700000, 0x00000000a7700000|100%|HC|  |TAMS 0x00000000a7700000, 0x00000000a7600000| Complete 
| 119|0x00000000a7700000, 0x00000000a7800000, 0x00000000a7800000|100%|HC|  |TAMS 0x00000000a7800000, 0x00000000a7700000| Complete 
| 120|0x00000000a7800000, 0x00000000a7900000, 0x00000000a7900000|100%|HC|  |TAMS 0x00000000a7900000, 0x00000000a7800000| Complete 
| 121|0x00000000a7900000, 0x00000000a7a00000, 0x00000000a7a00000|100%|HC|  |TAMS 0x00000000a7a00000, 0x00000000a7900000| Complete 
| 122|0x00000000a7a00000, 0x00000000a7b00000, 0x00000000a7b00000|100%|HC|  |TAMS 0x00000000a7b00000, 0x00000000a7a00000| Complete 
| 123|0x00000000a7b00000, 0x00000000a7c00000, 0x00000000a7c00000|100%| O|  |TAMS 0x00000000a7c00000, 0x00000000a7b00000| Untracked 
| 124|0x00000000a7c00000, 0x00000000a7d00000, 0x00000000a7d00000|100%| O|  |TAMS 0x00000000a7d00000, 0x00000000a7c00000| Untracked 
| 125|0x00000000a7d00000, 0x00000000a7e00000, 0x00000000a7e00000|100%| O|  |TAMS 0x00000000a7e00000, 0x00000000a7d00000| Untracked 
| 126|0x00000000a7e00000, 0x00000000a7f00000, 0x00000000a7f00000|100%|HS|  |TAMS 0x00000000a7f00000, 0x00000000a7e00000| Complete 
| 127|0x00000000a7f00000, 0x00000000a8000000, 0x00000000a8000000|100%| O|  |TAMS 0x00000000a7f00000, 0x00000000a7f00000| Untracked 
| 128|0x00000000a8000000, 0x00000000a8100000, 0x00000000a8100000|100%| O|  |TAMS 0x00000000a8100000, 0x00000000a8000000| Untracked 
| 129|0x00000000a8100000, 0x00000000a8200000, 0x00000000a8200000|100%| O|  |TAMS 0x00000000a8200000, 0x00000000a8100000| Untracked 
| 130|0x00000000a8200000, 0x00000000a8300000, 0x00000000a8300000|100%| O|  |TAMS 0x00000000a8300000, 0x00000000a8200000| Untracked 
| 131|0x00000000a8300000, 0x00000000a8400000, 0x00000000a8400000|100%| O|  |TAMS 0x00000000a8400000, 0x00000000a8300000| Untracked 
| 132|0x00000000a8400000, 0x00000000a8500000, 0x00000000a8500000|100%| O|  |TAMS 0x00000000a8500000, 0x00000000a8400000| Untracked 
| 133|0x00000000a8500000, 0x00000000a8600000, 0x00000000a8600000|100%| O|  |TAMS 0x00000000a8600000, 0x00000000a8500000| Untracked 
| 134|0x00000000a8600000, 0x00000000a8700000, 0x00000000a8700000|100%| O|  |TAMS 0x00000000a8700000, 0x00000000a8600000| Untracked 
| 135|0x00000000a8700000, 0x00000000a8800000, 0x00000000a8800000|100%| O|  |TAMS 0x00000000a8800000, 0x00000000a8700000| Untracked 
| 136|0x00000000a8800000, 0x00000000a8900000, 0x00000000a8900000|100%| O|  |TAMS 0x00000000a8900000, 0x00000000a8800000| Untracked 
| 137|0x00000000a8900000, 0x00000000a8a00000, 0x00000000a8a00000|100%| O|  |TAMS 0x00000000a8900000, 0x00000000a8900000| Untracked 
| 138|0x00000000a8a00000, 0x00000000a8b00000, 0x00000000a8b00000|100%| O|  |TAMS 0x00000000a8b00000, 0x00000000a8a00000| Untracked 
| 139|0x00000000a8b00000, 0x00000000a8c00000, 0x00000000a8c00000|100%| O|  |TAMS 0x00000000a8c00000, 0x00000000a8b00000| Untracked 
| 140|0x00000000a8c00000, 0x00000000a8d00000, 0x00000000a8d00000|100%| O|  |TAMS 0x00000000a8c00000, 0x00000000a8c00000| Untracked 
| 141|0x00000000a8d00000, 0x00000000a8e00000, 0x00000000a8e00000|100%| O|  |TAMS 0x00000000a8e00000, 0x00000000a8d00000| Untracked 
| 142|0x00000000a8e00000, 0x00000000a8f00000, 0x00000000a8f00000|100%| O|  |TAMS 0x00000000a8e00000, 0x00000000a8e00000| Untracked 
| 143|0x00000000a8f00000, 0x00000000a9000000, 0x00000000a9000000|100%| O|  |TAMS 0x00000000a9000000, 0x00000000a8f00000| Untracked 
| 144|0x00000000a9000000, 0x00000000a9100000, 0x00000000a9100000|100%| O|  |TAMS 0x00000000a9100000, 0x00000000a9000000| Untracked 
| 145|0x00000000a9100000, 0x00000000a9200000, 0x00000000a9200000|100%| O|  |TAMS 0x00000000a9200000, 0x00000000a9100000| Untracked 
| 146|0x00000000a9200000, 0x00000000a9300000, 0x00000000a9300000|100%| O|  |TAMS 0x00000000a9300000, 0x00000000a9200000| Untracked 
| 147|0x00000000a9300000, 0x00000000a9400000, 0x00000000a9400000|100%| O|  |TAMS 0x00000000a9400000, 0x00000000a9300000| Untracked 
| 148|0x00000000a9400000, 0x00000000a9500000, 0x00000000a9500000|100%| O|  |TAMS 0x00000000a9400000, 0x00000000a9400000| Untracked 
| 149|0x00000000a9500000, 0x00000000a9600000, 0x00000000a9600000|100%| O|  |TAMS 0x00000000a9500000, 0x00000000a9500000| Untracked 
| 150|0x00000000a9600000, 0x00000000a9700000, 0x00000000a9700000|100%| O|  |TAMS 0x00000000a9700000, 0x00000000a9600000| Untracked 
| 151|0x00000000a9700000, 0x00000000a9800000, 0x00000000a9800000|100%| O|  |TAMS 0x00000000a9800000, 0x00000000a9700000| Untracked 
| 152|0x00000000a9800000, 0x00000000a9900000, 0x00000000a9900000|100%| O|  |TAMS 0x00000000a9900000, 0x00000000a9800000| Untracked 
| 153|0x00000000a9900000, 0x00000000a9a00000, 0x00000000a9a00000|100%| O|  |TAMS 0x00000000a9a00000, 0x00000000a9900000| Untracked 
| 154|0x00000000a9a00000, 0x00000000a9b00000, 0x00000000a9b00000|100%| O|  |TAMS 0x00000000a9abf600, 0x00000000a9a00000| Untracked 
| 155|0x00000000a9b00000, 0x00000000a9c00000, 0x00000000a9c00000|100%| O|  |TAMS 0x00000000a9b00000, 0x00000000a9b00000| Untracked 
| 156|0x00000000a9c00000, 0x00000000a9d00000, 0x00000000a9d00000|100%| O|  |TAMS 0x00000000a9c00000, 0x00000000a9c00000| Untracked 
| 157|0x00000000a9d00000, 0x00000000a9e00000, 0x00000000a9e00000|100%| O|  |TAMS 0x00000000a9d00000, 0x00000000a9d00000| Untracked 
| 158|0x00000000a9e00000, 0x00000000a9f00000, 0x00000000a9f00000|100%| O|  |TAMS 0x00000000a9e00000, 0x00000000a9e00000| Untracked 
| 159|0x00000000a9f00000, 0x00000000aa000000, 0x00000000aa000000|100%| O|  |TAMS 0x00000000aa000000, 0x00000000a9f00000| Untracked 
| 160|0x00000000aa000000, 0x00000000aa100000, 0x00000000aa100000|100%| O|  |TAMS 0x00000000aa000000, 0x00000000aa000000| Untracked 
| 161|0x00000000aa100000, 0x00000000aa200000, 0x00000000aa200000|100%| O|  |TAMS 0x00000000aa200000, 0x00000000aa100000| Untracked 
| 162|0x00000000aa200000, 0x00000000aa300000, 0x00000000aa300000|100%| O|  |TAMS 0x00000000aa300000, 0x00000000aa200000| Untracked 
| 163|0x00000000aa300000, 0x00000000aa400000, 0x00000000aa400000|100%| O|  |TAMS 0x00000000aa400000, 0x00000000aa300000| Untracked 
| 164|0x00000000aa400000, 0x00000000aa500000, 0x00000000aa500000|100%| O|  |TAMS 0x00000000aa400000, 0x00000000aa400000| Untracked 
| 165|0x00000000aa500000, 0x00000000aa600000, 0x00000000aa600000|100%| O|  |TAMS 0x00000000aa500000, 0x00000000aa500000| Untracked 
| 166|0x00000000aa600000, 0x00000000aa700000, 0x00000000aa700000|100%| O|  |TAMS 0x00000000aa600000, 0x00000000aa600000| Untracked 
| 167|0x00000000aa700000, 0x00000000aa800000, 0x00000000aa800000|100%| O|  |TAMS 0x00000000aa700000, 0x00000000aa700000| Untracked 
| 168|0x00000000aa800000, 0x00000000aa900000, 0x00000000aa900000|100%| O|  |TAMS 0x00000000aa800000, 0x00000000aa800000| Untracked 
| 169|0x00000000aa900000, 0x00000000aaa00000, 0x00000000aaa00000|100%| O|  |TAMS 0x00000000aa900000, 0x00000000aa900000| Untracked 
| 170|0x00000000aaa00000, 0x00000000aab00000, 0x00000000aab00000|100%| O|  |TAMS 0x00000000aaa00000, 0x00000000aaa00000| Untracked 
| 171|0x00000000aab00000, 0x00000000aac00000, 0x00000000aac00000|100%| O|  |TAMS 0x00000000aab00000, 0x00000000aab00000| Untracked 
| 172|0x00000000aac00000, 0x00000000aad00000, 0x00000000aad00000|100%| O|  |TAMS 0x00000000aac00000, 0x00000000aac00000| Untracked 
| 173|0x00000000aad00000, 0x00000000aae00000, 0x00000000aae00000|100%| O|  |TAMS 0x00000000aad00000, 0x00000000aad00000| Untracked 
| 174|0x00000000aae00000, 0x00000000aae5aa00, 0x00000000aaf00000| 35%| O|  |TAMS 0x00000000aae00000, 0x00000000aae00000| Untracked 
| 175|0x00000000aaf00000, 0x00000000aaf00000, 0x00000000ab000000|  0%| F|  |TAMS 0x00000000aaf00000, 0x00000000aaf00000| Untracked 
| 176|0x00000000ab000000, 0x00000000ab000000, 0x00000000ab100000|  0%| F|  |TAMS 0x00000000ab000000, 0x00000000ab000000| Untracked 
| 177|0x00000000ab100000, 0x00000000ab100000, 0x00000000ab200000|  0%| F|  |TAMS 0x00000000ab100000, 0x00000000ab100000| Untracked 
| 178|0x00000000ab200000, 0x00000000ab200000, 0x00000000ab300000|  0%| F|  |TAMS 0x00000000ab200000, 0x00000000ab200000| Untracked 
| 179|0x00000000ab300000, 0x00000000ab300000, 0x00000000ab400000|  0%| F|  |TAMS 0x00000000ab300000, 0x00000000ab300000| Untracked 
| 180|0x00000000ab400000, 0x00000000ab400000, 0x00000000ab500000|  0%| F|  |TAMS 0x00000000ab400000, 0x00000000ab400000| Untracked 
| 181|0x00000000ab500000, 0x00000000ab500000, 0x00000000ab600000|  0%| F|  |TAMS 0x00000000ab500000, 0x00000000ab500000| Untracked 
| 182|0x00000000ab600000, 0x00000000ab600000, 0x00000000ab700000|  0%| F|  |TAMS 0x00000000ab600000, 0x00000000ab600000| Untracked 
| 183|0x00000000ab700000, 0x00000000ab700000, 0x00000000ab800000|  0%| F|  |TAMS 0x00000000ab700000, 0x00000000ab700000| Untracked 
| 184|0x00000000ab800000, 0x00000000ab800000, 0x00000000ab900000|  0%| F|  |TAMS 0x00000000ab800000, 0x00000000ab800000| Untracked 
| 185|0x00000000ab900000, 0x00000000ab900000, 0x00000000aba00000|  0%| F|  |TAMS 0x00000000ab900000, 0x00000000ab900000| Untracked 
| 186|0x00000000aba00000, 0x00000000aba00000, 0x00000000abb00000|  0%| F|  |TAMS 0x00000000aba00000, 0x00000000aba00000| Untracked 
| 187|0x00000000abb00000, 0x00000000abb00000, 0x00000000abc00000|  0%| F|  |TAMS 0x00000000abb00000, 0x00000000abb00000| Untracked 
| 188|0x00000000abc00000, 0x00000000abc00000, 0x00000000abd00000|  0%| F|  |TAMS 0x00000000abc00000, 0x00000000abc00000| Untracked 
| 189|0x00000000abd00000, 0x00000000abd00000, 0x00000000abe00000|  0%| F|  |TAMS 0x00000000abd00000, 0x00000000abd00000| Untracked 
| 190|0x00000000abe00000, 0x00000000abe00000, 0x00000000abf00000|  0%| F|  |TAMS 0x00000000abe00000, 0x00000000abe00000| Untracked 
| 191|0x00000000abf00000, 0x00000000abf00000, 0x00000000ac000000|  0%| F|  |TAMS 0x00000000abf00000, 0x00000000abf00000| Untracked 
| 192|0x00000000ac000000, 0x00000000ac000000, 0x00000000ac100000|  0%| F|  |TAMS 0x00000000ac000000, 0x00000000ac000000| Untracked 
| 193|0x00000000ac100000, 0x00000000ac100000, 0x00000000ac200000|  0%| F|  |TAMS 0x00000000ac100000, 0x00000000ac100000| Untracked 
| 194|0x00000000ac200000, 0x00000000ac200000, 0x00000000ac300000|  0%| F|  |TAMS 0x00000000ac200000, 0x00000000ac200000| Untracked 
| 195|0x00000000ac300000, 0x00000000ac300000, 0x00000000ac400000|  0%| F|  |TAMS 0x00000000ac300000, 0x00000000ac300000| Untracked 
| 196|0x00000000ac400000, 0x00000000ac400000, 0x00000000ac500000|  0%| F|  |TAMS 0x00000000ac400000, 0x00000000ac400000| Untracked 
| 197|0x00000000ac500000, 0x00000000ac500000, 0x00000000ac600000|  0%| F|  |TAMS 0x00000000ac500000, 0x00000000ac500000| Untracked 
| 198|0x00000000ac600000, 0x00000000ac600000, 0x00000000ac700000|  0%| F|  |TAMS 0x00000000ac600000, 0x00000000ac600000| Untracked 
| 199|0x00000000ac700000, 0x00000000ac700000, 0x00000000ac800000|  0%| F|  |TAMS 0x00000000ac700000, 0x00000000ac700000| Untracked 
| 200|0x00000000ac800000, 0x00000000ac800000, 0x00000000ac900000|  0%| F|  |TAMS 0x00000000ac800000, 0x00000000ac800000| Untracked 
| 201|0x00000000ac900000, 0x00000000ac900000, 0x00000000aca00000|  0%| F|  |TAMS 0x00000000ac900000, 0x00000000ac900000| Untracked 
| 202|0x00000000aca00000, 0x00000000aca00000, 0x00000000acb00000|  0%| F|  |TAMS 0x00000000aca00000, 0x00000000aca00000| Untracked 
| 203|0x00000000acb00000, 0x00000000acb00000, 0x00000000acc00000|  0%| F|  |TAMS 0x00000000acb00000, 0x00000000acb00000| Untracked 
| 204|0x00000000acc00000, 0x00000000acc00000, 0x00000000acd00000|  0%| F|  |TAMS 0x00000000acc00000, 0x00000000acc00000| Untracked 
| 205|0x00000000acd00000, 0x00000000acd00000, 0x00000000ace00000|  0%| F|  |TAMS 0x00000000acd00000, 0x00000000acd00000| Untracked 
| 206|0x00000000ace00000, 0x00000000acef7f48, 0x00000000acf00000| 96%| S|CS|TAMS 0x00000000ace00000, 0x00000000ace00000| Complete 
| 207|0x00000000acf00000, 0x00000000acf00000, 0x00000000ad000000|  0%| F|  |TAMS 0x00000000acf00000, 0x00000000acf00000| Untracked 
| 208|0x00000000ad000000, 0x00000000ad000000, 0x00000000ad100000|  0%| F|  |TAMS 0x00000000ad000000, 0x00000000ad000000| Untracked 
| 209|0x00000000ad100000, 0x00000000ad100000, 0x00000000ad200000|  0%| F|  |TAMS 0x00000000ad100000, 0x00000000ad100000| Untracked 
| 210|0x00000000ad200000, 0x00000000ad300000, 0x00000000ad300000|100%| S|CS|TAMS 0x00000000ad200000, 0x00000000ad200000| Complete 
| 211|0x00000000ad300000, 0x00000000ad400000, 0x00000000ad400000|100%| S|CS|TAMS 0x00000000ad300000, 0x00000000ad300000| Complete 
| 212|0x00000000ad400000, 0x00000000ad400000, 0x00000000ad500000|  0%| F|  |TAMS 0x00000000ad400000, 0x00000000ad400000| Untracked 
| 213|0x00000000ad500000, 0x00000000ad500000, 0x00000000ad600000|  0%| F|  |TAMS 0x00000000ad500000, 0x00000000ad500000| Untracked 
| 214|0x00000000ad600000, 0x00000000ad600000, 0x00000000ad700000|  0%| F|  |TAMS 0x00000000ad600000, 0x00000000ad600000| Untracked 
| 215|0x00000000ad700000, 0x00000000ad700000, 0x00000000ad800000|  0%| F|  |TAMS 0x00000000ad700000, 0x00000000ad700000| Untracked 
| 216|0x00000000ad800000, 0x00000000ad800000, 0x00000000ad900000|  0%| F|  |TAMS 0x00000000ad800000, 0x00000000ad800000| Untracked 
| 217|0x00000000ad900000, 0x00000000ad900000, 0x00000000ada00000|  0%| F|  |TAMS 0x00000000ad900000, 0x00000000ad900000| Untracked 
| 218|0x00000000ada00000, 0x00000000ada00000, 0x00000000adb00000|  0%| F|  |TAMS 0x00000000ada00000, 0x00000000ada00000| Untracked 
| 219|0x00000000adb00000, 0x00000000adb00000, 0x00000000adc00000|  0%| F|  |TAMS 0x00000000adb00000, 0x00000000adb00000| Untracked 
| 220|0x00000000adc00000, 0x00000000adc00000, 0x00000000add00000|  0%| F|  |TAMS 0x00000000adc00000, 0x00000000adc00000| Untracked 
| 221|0x00000000add00000, 0x00000000add00000, 0x00000000ade00000|  0%| F|  |TAMS 0x00000000add00000, 0x00000000add00000| Untracked 
| 222|0x00000000ade00000, 0x00000000ade00000, 0x00000000adf00000|  0%| F|  |TAMS 0x00000000ade00000, 0x00000000ade00000| Untracked 
| 223|0x00000000adf00000, 0x00000000adf00000, 0x00000000ae000000|  0%| F|  |TAMS 0x00000000adf00000, 0x00000000adf00000| Untracked 
| 224|0x00000000ae000000, 0x00000000ae000000, 0x00000000ae100000|  0%| F|  |TAMS 0x00000000ae000000, 0x00000000ae000000| Untracked 
| 225|0x00000000ae100000, 0x00000000ae100000, 0x00000000ae200000|  0%| F|  |TAMS 0x00000000ae100000, 0x00000000ae100000| Untracked 
| 226|0x00000000ae200000, 0x00000000ae200000, 0x00000000ae300000|  0%| F|  |TAMS 0x00000000ae200000, 0x00000000ae200000| Untracked 
| 227|0x00000000ae300000, 0x00000000ae300000, 0x00000000ae400000|  0%| F|  |TAMS 0x00000000ae300000, 0x00000000ae300000| Untracked 
| 228|0x00000000ae400000, 0x00000000ae400000, 0x00000000ae500000|  0%| F|  |TAMS 0x00000000ae400000, 0x00000000ae400000| Untracked 
| 229|0x00000000ae500000, 0x00000000ae500000, 0x00000000ae600000|  0%| F|  |TAMS 0x00000000ae500000, 0x00000000ae500000| Untracked 
| 230|0x00000000ae600000, 0x00000000ae600000, 0x00000000ae700000|  0%| F|  |TAMS 0x00000000ae600000, 0x00000000ae600000| Untracked 
| 231|0x00000000ae700000, 0x00000000ae700000, 0x00000000ae800000|  0%| F|  |TAMS 0x00000000ae700000, 0x00000000ae700000| Untracked 
| 232|0x00000000ae800000, 0x00000000ae800000, 0x00000000ae900000|  0%| F|  |TAMS 0x00000000ae800000, 0x00000000ae800000| Untracked 
| 233|0x00000000ae900000, 0x00000000ae900000, 0x00000000aea00000|  0%| F|  |TAMS 0x00000000ae900000, 0x00000000ae900000| Untracked 
| 234|0x00000000aea00000, 0x00000000aea00000, 0x00000000aeb00000|  0%| F|  |TAMS 0x00000000aea00000, 0x00000000aea00000| Untracked 
| 235|0x00000000aeb00000, 0x00000000aeb00000, 0x00000000aec00000|  0%| F|  |TAMS 0x00000000aeb00000, 0x00000000aeb00000| Untracked 
| 236|0x00000000aec00000, 0x00000000aecb4880, 0x00000000aed00000| 70%| E|  |TAMS 0x00000000aec00000, 0x00000000aec00000| Complete 
| 237|0x00000000aed00000, 0x00000000aee00000, 0x00000000aee00000|100%| E|CS|TAMS 0x00000000aed00000, 0x00000000aed00000| Complete 

Card table byte_map: [0x000001f4cdff0000,0x000001f4ce2f0000] _byte_map_base: 0x000001f4cdaf0000

Marking Bits (Prev, Next): (CMBitMap*) 0x000001f4b65c3fc8, (CMBitMap*) 0x000001f4b65c4000
 Prev Bits: [0x000001f4ce5f0000, 0x000001f4cfdf0000)
 Next Bits: [0x000001f4cfdf0000, 0x000001f4d15f0000)

Polling page: 0x000001f4b5d70000

Metaspace:

Usage:
  Non-class:     96.98 MB capacity,    94.91 MB ( 98%) used,     1.79 MB (  2%) free+waste,   285.56 KB ( <1%) overhead. 
      Class:     13.95 MB capacity,    12.98 MB ( 93%) used,   867.13 KB (  6%) free+waste,   125.56 KB ( <1%) overhead. 
       Both:    110.93 MB capacity,   107.89 MB ( 97%) used,     2.64 MB (  2%) free+waste,   411.13 KB ( <1%) overhead. 

Virtual space:
  Non-class space:       98.00 MB reserved,      97.17 MB (>99%) committed 
      Class space:        1.00 GB reserved,      14.00 MB (  1%) committed 
             Both:        1.10 GB reserved,     111.17 MB ( 10%) committed 

Chunk freelists:
   Non-Class:  9.00 KB
       Class:  15.00 KB
        Both:  24.00 KB

MaxMetaspaceSize: 17179869184.00 GB
CompressedClassSpaceSize: 1.00 GB
Initial GC threshold: 20.80 MB
Current GC threshold: 177.37 MB
CDS: off

CodeHeap 'non-profiled nmethods': size=120064Kb used=13252Kb max_used=13252Kb free=106811Kb
 bounds [0x000001f4c67b0000, 0x000001f4c74b0000, 0x000001f4cdcf0000]
CodeHeap 'profiled nmethods': size=120000Kb used=36964Kb max_used=36964Kb free=83035Kb
 bounds [0x000001f4bf280000, 0x000001f4c16a0000, 0x000001f4c67b0000]
CodeHeap 'non-nmethods': size=5696Kb used=2402Kb max_used=2479Kb free=3293Kb
 bounds [0x000001f4becf0000, 0x000001f4bef70000, 0x000001f4bf280000]
 total_blobs=17018 nmethods=16086 adapters=845
 compilation: enabled
              stopped_count=0, restarted_count=0
 full_count=0

Compilation events (20 events):
Event: 1228.094 Thread 0x000001f4d3b01800 nmethod 17882 0x000001f4c1660210 code [0x000001f4c16603e0, 0x000001f4c16606a8]
Event: 1228.094 Thread 0x000001f4d3b01800 17883       3       org.apache.xerces.util.ParserConfigurationSettings::checkProperty (45 bytes)
Event: 1228.095 Thread 0x000001f4d3b01800 nmethod 17883 0x000001f4c1660890 code [0x000001f4c1660aa0, 0x000001f4c16612d8]
Event: 1228.095 Thread 0x000001f4d3b01800 17884       3       org.apache.xerces.parsers.SecuritySupport::getParentClassLoader (15 bytes)
Event: 1228.096 Thread 0x000001f4d3b01800 nmethod 17884 0x000001f4c1661590 code [0x000001f4c1661760, 0x000001f4c1661ac8]
Event: 1228.096 Thread 0x000001f4d3b01800 17886       3       org.apache.xerces.util.XMLResourceIdentifierImpl::<init> (5 bytes)
Event: 1228.096 Thread 0x000001f4d3b01800 nmethod 17886 0x000001f4c1661c10 code [0x000001f4c1661dc0, 0x000001f4c1661f18]
Event: 1228.096 Thread 0x000001f4d3b01800 17885       3       org.apache.xerces.parsers.SecuritySupport$3::<init> (10 bytes)
Event: 1228.097 Thread 0x000001f4d3b01800 nmethod 17885 0x000001f4c1662010 code [0x000001f4c16621c0, 0x000001f4c1662378]
Event: 1228.098 Thread 0x000001f4d3b01800 17887       1       org.apache.xerces.impl.XMLEntityScanner::setCurrentEntity (6 bytes)
Event: 1228.098 Thread 0x000001f4d3b01800 nmethod 17887 0x000001f4c749ed90 code [0x000001f4c749ef40, 0x000001f4c749f038]
Event: 1228.098 Thread 0x000001f4d3b01800 17888       3       com.android.utils.PositionXmlParser$DomBuilder::flushText (114 bytes)
Event: 1228.101 Thread 0x000001f4d3b01800 nmethod 17888 0x000001f4c1662410 code [0x000001f4c1662700, 0x000001f4c1663808]
Event: 1228.105 Thread 0x000001f4d3b01800 17889       3       org.apache.xerces.util.XMLAttributesImpl$Attribute::<init> (27 bytes)
Event: 1228.106 Thread 0x000001f4d3b01800 nmethod 17889 0x000001f4c1663d10 code [0x000001f4c1663f20, 0x000001f4c1664758]
Event: 1228.109 Thread 0x000001f4d3b01800 17891       3       org.apache.xerces.impl.XMLDocumentFragmentScannerImpl::getPropertyDefault (36 bytes)
Event: 1228.109 Thread 0x000001f4d3b01800 nmethod 17891 0x000001f4c1664990 code [0x000001f4c1664b60, 0x000001f4c1664e28]
Event: 1228.109 Thread 0x000001f4d3b01800 17892   !   3       org.apache.xerces.parsers.AbstractSAXParser::setFeature (490 bytes)
Event: 1228.119 Thread 0x000001f4d3b01800 nmethod 17892 0x000001f4c1665010 code [0x000001f4c1665820, 0x000001f4c166a628]
Event: 1228.119 Thread 0x000001f4d3b01800 17893       3       javax.lang.model.SourceVersion::isKeyword (1616 bytes)

GC Heap History (20 events):
Event: 1202.894 GC heap before
{Heap before GC invocations=229 (full 0):
 garbage-first heap   total 243712K, used 178024K [0x00000000a0000000, 0x0000000100000000)
  region size 1024K, 13 young (13312K), 1 survivors (1024K)
 Metaspace       used 106777K, capacity 109725K, committed 109872K, reserved 1144832K
  class space    used 12890K, capacity 13862K, committed 13952K, reserved 1048576K
}
Event: 1202.942 GC heap after
{Heap after GC invocations=230 (full 0):
 garbage-first heap   total 243712K, used 167908K [0x00000000a0000000, 0x0000000100000000)
  region size 1024K, 2 young (2048K), 2 survivors (2048K)
 Metaspace       used 106777K, capacity 109725K, committed 109872K, reserved 1144832K
  class space    used 12890K, capacity 13862K, committed 13952K, reserved 1048576K
}
Event: 1204.112 GC heap before
{Heap before GC invocations=230 (full 0):
 garbage-first heap   total 243712K, used 181220K [0x00000000a0000000, 0x0000000100000000)
  region size 1024K, 16 young (16384K), 2 survivors (2048K)
 Metaspace       used 107261K, capacity 110234K, committed 110384K, reserved 1146880K
  class space    used 12945K, capacity 13900K, committed 13952K, reserved 1048576K
}
Event: 1204.222 GC heap after
{Heap after GC invocations=231 (full 0):
 garbage-first heap   total 243712K, used 172151K [0x00000000a0000000, 0x0000000100000000)
  region size 1024K, 2 young (2048K), 2 survivors (2048K)
 Metaspace       used 107261K, capacity 110234K, committed 110384K, reserved 1146880K
  class space    used 12945K, capacity 13900K, committed 13952K, reserved 1048576K
}
Event: 1204.874 GC heap before
{Heap before GC invocations=231 (full 0):
 garbage-first heap   total 243712K, used 187511K [0x00000000a0000000, 0x0000000100000000)
  region size 1024K, 17 young (17408K), 2 survivors (2048K)
 Metaspace       used 107291K, capacity 110240K, committed 110384K, reserved 1146880K
  class space    used 12948K, capacity 13902K, committed 13952K, reserved 1048576K
}
Event: 1204.923 GC heap after
{Heap after GC invocations=232 (full 0):
 garbage-first heap   total 243712K, used 175093K [0x00000000a0000000, 0x0000000100000000)
  region size 1024K, 3 young (3072K), 3 survivors (3072K)
 Metaspace       used 107291K, capacity 110240K, committed 110384K, reserved 1146880K
  class space    used 12948K, capacity 13902K, committed 13952K, reserved 1048576K
}
Event: 1205.386 GC heap before
{Heap before GC invocations=232 (full 0):
 garbage-first heap   total 243712K, used 193525K [0x00000000a0000000, 0x0000000100000000)
  region size 1024K, 21 young (21504K), 3 survivors (3072K)
 Metaspace       used 107311K, capacity 110246K, committed 110384K, reserved 1146880K
  class space    used 12949K, capacity 13903K, committed 13952K, reserved 1048576K
}
Event: 1205.451 GC heap after
{Heap after GC invocations=233 (full 0):
 garbage-first heap   total 243712K, used 178108K [0x00000000a0000000, 0x0000000100000000)
  region size 1024K, 3 young (3072K), 3 survivors (3072K)
 Metaspace       used 107311K, capacity 110246K, committed 110384K, reserved 1146880K
  class space    used 12949K, capacity 13903K, committed 13952K, reserved 1048576K
}
Event: 1207.507 GC heap before
{Heap before GC invocations=233 (full 0):
 garbage-first heap   total 243712K, used 198588K [0x00000000a0000000, 0x0000000100000000)
  region size 1024K, 23 young (23552K), 3 survivors (3072K)
 Metaspace       used 108049K, capacity 110959K, committed 111280K, reserved 1146880K
  class space    used 13030K, capacity 13988K, committed 14080K, reserved 1048576K
}
Event: 1207.570 GC heap after
{Heap after GC invocations=234 (full 0):
 garbage-first heap   total 243712K, used 179000K [0x00000000a0000000, 0x0000000100000000)
  region size 1024K, 1 young (1024K), 1 survivors (1024K)
 Metaspace       used 108049K, capacity 110959K, committed 111280K, reserved 1146880K
  class space    used 13030K, capacity 13988K, committed 14080K, reserved 1048576K
}
Event: 1208.936 GC heap before
{Heap before GC invocations=234 (full 0):
 garbage-first heap   total 243712K, used 199480K [0x00000000a0000000, 0x0000000100000000)
  region size 1024K, 22 young (22528K), 1 survivors (1024K)
 Metaspace       used 108128K, capacity 111031K, committed 111280K, reserved 1146880K
  class space    used 13030K, capacity 13988K, committed 14080K, reserved 1048576K
}
Event: 1208.942 GC heap after
{Heap after GC invocations=235 (full 0):
 garbage-first heap   total 243712K, used 179748K [0x00000000a0000000, 0x0000000100000000)
  region size 1024K, 2 young (2048K), 2 survivors (2048K)
 Metaspace       used 108128K, capacity 111031K, committed 111280K, reserved 1146880K
  class space    used 13030K, capacity 13988K, committed 14080K, reserved 1048576K
}
Event: 1209.249 GC heap before
{Heap before GC invocations=235 (full 0):
 garbage-first heap   total 243712K, used 202276K [0x00000000a0000000, 0x0000000100000000)
  region size 1024K, 24 young (24576K), 2 survivors (2048K)
 Metaspace       used 108145K, capacity 111031K, committed 111280K, reserved 1146880K
  class space    used 13030K, capacity 13988K, committed 14080K, reserved 1048576K
}
Event: 1209.275 GC heap after
{Heap after GC invocations=236 (full 0):
 garbage-first heap   total 243712K, used 179829K [0x00000000a0000000, 0x0000000100000000)
  region size 1024K, 2 young (2048K), 2 survivors (2048K)
 Metaspace       used 108145K, capacity 111031K, committed 111280K, reserved 1146880K
  class space    used 13030K, capacity 13988K, committed 14080K, reserved 1048576K
}
Event: 1209.516 GC heap before
{Heap before GC invocations=236 (full 0):
 garbage-first heap   total 243712K, used 203381K [0x00000000a0000000, 0x0000000100000000)
  region size 1024K, 25 young (25600K), 2 survivors (2048K)
 Metaspace       used 108152K, capacity 111096K, committed 111280K, reserved 1146880K
  class space    used 13030K, capacity 13988K, committed 14080K, reserved 1048576K
}
Event: 1209.530 GC heap after
{Heap after GC invocations=237 (full 0):
 garbage-first heap   total 243712K, used 179877K [0x00000000a0000000, 0x0000000100000000)
  region size 1024K, 2 young (2048K), 2 survivors (2048K)
 Metaspace       used 108152K, capacity 111096K, committed 111280K, reserved 1146880K
  class space    used 13030K, capacity 13988K, committed 14080K, reserved 1048576K
}
Event: 1211.503 GC heap before
{Heap before GC invocations=237 (full 0):
 garbage-first heap   total 243712K, used 203429K [0x00000000a0000000, 0x0000000100000000)
  region size 1024K, 26 young (26624K), 2 survivors (2048K)
 Metaspace       used 109003K, capacity 112032K, committed 112176K, reserved 1146880K
  class space    used 13150K, capacity 14128K, committed 14208K, reserved 1048576K
}
Event: 1211.526 GC heap after
{Heap after GC invocations=238 (full 0):
 garbage-first heap   total 243712K, used 180009K [0x00000000a0000000, 0x0000000100000000)
  region size 1024K, 2 young (2048K), 2 survivors (2048K)
 Metaspace       used 109003K, capacity 112032K, committed 112176K, reserved 1146880K
  class space    used 13150K, capacity 14128K, committed 14208K, reserved 1048576K
}
Event: 1221.757 GC heap before
{Heap before GC invocations=238 (full 0):
 garbage-first heap   total 243712K, used 206633K [0x00000000a0000000, 0x0000000100000000)
  region size 1024K, 28 young (28672K), 2 survivors (2048K)
 Metaspace       used 109346K, capacity 112442K, committed 112688K, reserved 1148928K
  class space    used 13186K, capacity 14175K, committed 14208K, reserved 1048576K
}
Event: 1221.831 GC heap after
{Heap after GC invocations=239 (full 0):
 garbage-first heap   total 243712K, used 180669K [0x00000000a0000000, 0x0000000100000000)
  region size 1024K, 3 young (3072K), 3 survivors (3072K)
 Metaspace       used 109346K, capacity 112442K, committed 112688K, reserved 1148928K
  class space    used 13186K, capacity 14175K, committed 14208K, reserved 1048576K
}

Deoptimization events (20 events):
Event: 1227.679 Thread 0x000001f4d54d9800 Uncommon trap: trap_request=0xffffffde fr.pc=0x000001f4c7481fd4 relative=0x00000000000005f4
Event: 1227.679 Thread 0x000001f4d54d9800 Uncommon trap: reason=class_check action=maybe_recompile pc=0x000001f4c7481fd4 method=org.gradle.internal.snapshot.AbstractIncompleteSnapshotWithChildren.store(Lorg/gradle/internal/snapshot/VfsRelativePath;Lorg/gradle/internal/snapshot/CaseSensitivity;Lor
Event: 1227.679 Thread 0x000001f4d54d9800 DEOPT PACKING pc=0x000001f4c7481fd4 sp=0x00000027f3dfc740
Event: 1227.679 Thread 0x000001f4d54d9800 DEOPT UNPACKING pc=0x000001f4bed3a1a9 sp=0x00000027f3dfc588 mode 2
Event: 1227.679 Thread 0x000001f4d54d9800 Uncommon trap: trap_request=0xffffffde fr.pc=0x000001f4c7481fd4 relative=0x00000000000005f4
Event: 1227.679 Thread 0x000001f4d54d9800 Uncommon trap: reason=class_check action=maybe_recompile pc=0x000001f4c7481fd4 method=org.gradle.internal.snapshot.AbstractIncompleteSnapshotWithChildren.store(Lorg/gradle/internal/snapshot/VfsRelativePath;Lorg/gradle/internal/snapshot/CaseSensitivity;Lor
Event: 1227.679 Thread 0x000001f4d54d9800 DEOPT PACKING pc=0x000001f4c7481fd4 sp=0x00000027f3dfc900
Event: 1227.680 Thread 0x000001f4d54d9800 DEOPT UNPACKING pc=0x000001f4bed3a1a9 sp=0x00000027f3dfc748 mode 2
Event: 1227.895 Thread 0x000001f4d54d9800 Uncommon trap: trap_request=0xffffffc6 fr.pc=0x000001f4c6a70210 relative=0x00000000000004b0
Event: 1227.895 Thread 0x000001f4d54d9800 Uncommon trap: reason=bimorphic_or_optimized_type_check action=maybe_recompile pc=0x000001f4c6a70210 method=java.util.Hashtable.addEntry(ILjava/lang/Object;Ljava/lang/Object;I)V @ 28 c2
Event: 1227.895 Thread 0x000001f4d54d9800 DEOPT PACKING pc=0x000001f4c6a70210 sp=0x00000027f3dfa410
Event: 1227.895 Thread 0x000001f4d54d9800 DEOPT UNPACKING pc=0x000001f4bed3a1a9 sp=0x00000027f3dfa3f0 mode 2
Event: 1227.949 Thread 0x000001f4d54d9800 DEOPT PACKING pc=0x000001f4bf4d902e sp=0x00000027f3df89e0
Event: 1227.950 Thread 0x000001f4d54d9800 DEOPT UNPACKING pc=0x000001f4bed3a93f sp=0x00000027f3df7e50 mode 0
Event: 1228.039 Thread 0x000001f4d54d9800 DEOPT PACKING pc=0x000001f4bf4d902e sp=0x00000027f3df89e0
Event: 1228.039 Thread 0x000001f4d54d9800 DEOPT UNPACKING pc=0x000001f4bed3a93f sp=0x00000027f3df7e50 mode 0
Event: 1228.043 Thread 0x000001f4d54d9800 DEOPT PACKING pc=0x000001f4bfd6455f sp=0x00000027f3df6fe0
Event: 1228.046 Thread 0x000001f4d54d9800 DEOPT UNPACKING pc=0x000001f4bed3a93f sp=0x00000027f3df6468 mode 0
Event: 1228.106 Thread 0x000001f4d54d9800 DEOPT PACKING pc=0x000001f4bf4d902e sp=0x00000027f3df89e0
Event: 1228.106 Thread 0x000001f4d54d9800 DEOPT UNPACKING pc=0x000001f4bed3a93f sp=0x00000027f3df7e50 mode 0

Classes redefined (0 events):
No events

Internal exceptions (20 events):
Event: 1211.089 Thread 0x000001f4d54de800 Exception <a 'sun/nio/fs/WindowsException'{0x00000000adbccdd0}> (0x00000000adbccdd0) thrown at [./src/hotspot/share/prims/jni.cpp, line 617]
Event: 1211.093 Thread 0x000001f4d54de800 Exception <a 'sun/nio/fs/WindowsException'{0x00000000adbcda18}> (0x00000000adbcda18) thrown at [./src/hotspot/share/prims/jni.cpp, line 617]
Event: 1211.312 Thread 0x000001f4d54de800 Exception <a 'java/lang/NoSuchMethodError'{0x00000000ad8288b0}: <clinit>> (0x00000000ad8288b0) thrown at [./src/hotspot/share/prims/jni.cpp, line 1367]
Event: 1211.314 Thread 0x000001f4d54de800 Exception <a 'java/lang/NoSuchMethodError'{0x00000000ad838598}: <clinit>> (0x00000000ad838598) thrown at [./src/hotspot/share/prims/jni.cpp, line 1367]
Event: 1211.333 Thread 0x000001f4d54de800 Exception <a 'java/lang/NoSuchMethodError'{0x00000000ad87eba0}: <clinit>> (0x00000000ad87eba0) thrown at [./src/hotspot/share/prims/jni.cpp, line 1367]
Event: 1211.529 Thread 0x000001f4d54df000 Exception <a 'sun/nio/fs/WindowsException'{0x00000000aed4f168}> (0x00000000aed4f168) thrown at [./src/hotspot/share/prims/jni.cpp, line 617]
Event: 1213.748 Thread 0x000001f4dc311800 Exception <a 'sun/nio/fs/WindowsException'{0x00000000adca8ac0}> (0x00000000adca8ac0) thrown at [./src/hotspot/share/prims/jni.cpp, line 617]
Event: 1213.757 Thread 0x000001f4dc311800 Exception <a 'sun/nio/fs/WindowsException'{0x00000000adcb1f80}> (0x00000000adcb1f80) thrown at [./src/hotspot/share/prims/jni.cpp, line 617]
Event: 1213.850 Thread 0x000001f4dc311800 Exception <a 'sun/nio/fs/WindowsException'{0x00000000adcb8248}> (0x00000000adcb8248) thrown at [./src/hotspot/share/prims/jni.cpp, line 617]
Event: 1221.636 Thread 0x000001f4dc311800 Exception <a 'java/lang/NoSuchMethodError'{0x00000000ada9ae00}: 'void java.lang.invoke.DirectMethodHandle$Holder.invokeStatic(java.lang.Object, long)'> (0x00000000ada9ae00) thrown at [./src/hotspot/share/interpreter/linkResolver.cpp, line 773]
Event: 1221.645 Thread 0x000001f4dc311800 Exception <a 'java/lang/NoSuchMethodError'{0x00000000adaa1008}: 'java.lang.Object java.lang.invoke.DirectMethodHandle$Holder.invokeStatic(java.lang.Object, long)'> (0x00000000adaa1008) thrown at [./src/hotspot/share/interpreter/linkResolver.cpp, line 773]
Event: 1221.670 Thread 0x000001f4dc311800 Exception <a 'java/lang/NoSuchMethodError'{0x00000000adab00b8}: 'java.lang.Object java.lang.invoke.DirectMethodHandle$Holder.invokeStaticInit(java.lang.Object, java.lang.Object, long, java.lang.Object)'> (0x00000000adab00b8) thrown at [./src/hotspot/share/interpreter/linkResolver.cpp, line 773]
Event: 1221.699 Thread 0x000001f4dc311800 Exception <a 'java/lang/NoSuchMethodError'{0x00000000ad3bf8e8}: 'java.lang.Object java.lang.invoke.DirectMethodHandle$Holder.invokeStatic(java.lang.Object, java.lang.Object, long)'> (0x00000000ad3bf8e8) thrown at [./src/hotspot/share/interpreter/linkResolver.cpp, line 773]
Event: 1221.701 Thread 0x000001f4dc311800 Exception <a 'java/lang/NoSuchMethodError'{0x00000000ad3c6ba8}: 'java.lang.Object java.lang.invoke.Invokers$Holder.linkToTargetMethod(java.lang.Object, long, java.lang.Object)'> (0x00000000ad3c6ba8) thrown at [./src/hotspot/share/interpreter/linkResolver.cpp, line 773]
Event: 1222.087 Thread 0x000001f4d54d8800 Exception <a 'java/io/IOException'{0x00000000aedce480}> (0x00000000aedce480) thrown at [./src/hotspot/share/prims/jni.cpp, line 617]
Event: 1222.087 Thread 0x000001f4d54d9800 Exception <a 'java/io/IOException'{0x00000000aed18480}> (0x00000000aed18480) thrown at [./src/hotspot/share/prims/jni.cpp, line 617]
Event: 1222.154 Thread 0x000001f4dc311800 Exception <a 'java/io/IOException'{0x00000000aed5ddd0}> (0x00000000aed5ddd0) thrown at [./src/hotspot/share/prims/jni.cpp, line 617]
Event: 1226.662 Thread 0x000001f4d54d9800 Exception <a 'sun/nio/fs/WindowsException'{0x00000000ae3dc270}> (0x00000000ae3dc270) thrown at [./src/hotspot/share/prims/jni.cpp, line 617]
Event: 1226.662 Thread 0x000001f4d54d9800 Exception <a 'sun/nio/fs/WindowsException'{0x00000000ae3dce98}> (0x00000000ae3dce98) thrown at [./src/hotspot/share/prims/jni.cpp, line 617]
Event: 1227.502 Thread 0x000001f4d54d9800 Exception <a 'sun/nio/fs/WindowsException'{0x00000000adea5550}> (0x00000000adea5550) thrown at [./src/hotspot/share/prims/jni.cpp, line 617]

Events (20 events):
Event: 1227.585 loading class com/android/ide/common/resources/FileStatus
Event: 1227.585 loading class com/android/ide/common/resources/FileStatus done
Event: 1227.689 Executing VM operation: RevokeBias
Event: 1227.690 Executing VM operation: RevokeBias done
Event: 1227.835 loading class com/android/ide/common/blame/MergingLog
Event: 1227.835 loading class com/android/ide/common/blame/MergingLog done
Event: 1227.841 loading class com/android/ide/common/blame/MergingLog$1
Event: 1227.841 loading class com/android/ide/common/blame/MergingLog$1 done
Event: 1227.848 loading class com/android/ide/common/blame/MergingLog$2
Event: 1227.848 loading class com/android/ide/common/blame/MergingLog$2 done
Event: 1227.854 Executing VM operation: RevokeBias
Event: 1227.855 Executing VM operation: RevokeBias done
Event: 1227.855 loading class com/android/build/gradle/internal/aapt/WorkerExecutorResourceCompilationService
Event: 1227.855 loading class com/android/build/gradle/internal/aapt/WorkerExecutorResourceCompilationService done
Event: 1227.860 loading class com/android/build/gradle/internal/tasks/Workers$ProfileAwareExecutorServiceAdapter$taskRecord$2
Event: 1227.860 loading class com/android/build/gradle/internal/tasks/Workers$ProfileAwareExecutorServiceAdapter$taskRecord$2 done
Event: 1227.932 Executing VM operation: BulkRevokeBias
Event: 1227.934 Executing VM operation: BulkRevokeBias done
Event: 1228.082 Executing VM operation: BulkRevokeBias
Event: 1228.084 Executing VM operation: BulkRevokeBias done


Dynamic libraries:
0x00007ff7b6320000 - 0x00007ff7b632d000 	C:\Program Files\Microsoft\jdk-11.0.16.101-hotspot\bin\java.exe
0x00007ffe827f0000 - 0x00007ffe829e8000 	C:\Windows\SYSTEM32\ntdll.dll
0x00007ffe82690000 - 0x00007ffe8274f000 	C:\Windows\System32\KERNEL32.DLL
0x00007ffe80570000 - 0x00007ffe8084a000 	C:\Windows\System32\KERNELBASE.dll
0x00007ffe80330000 - 0x00007ffe80430000 	C:\Windows\System32\ucrtbase.dll
0x00007ffe741b0000 - 0x00007ffe741c5000 	C:\Program Files\Microsoft\jdk-11.0.16.101-hotspot\bin\VCRUNTIME140.dll
0x00007ffe74190000 - 0x00007ffe741a7000 	C:\Program Files\Microsoft\jdk-11.0.16.101-hotspot\bin\jli.dll
0x00007ffe80a00000 - 0x00007ffe80b9d000 	C:\Windows\System32\USER32.dll
0x00007ffe80300000 - 0x00007ffe80322000 	C:\Windows\System32\win32u.dll
0x00007ffe70510000 - 0x00007ffe707aa000 	C:\Windows\WinSxS\amd64_microsoft.windows.common-controls_6595b64144ccf1df_6.0.19041.1110_none_60b5254171f9507e\COMCTL32.dll
0x00007ffe82400000 - 0x00007ffe8242b000 	C:\Windows\System32\GDI32.dll
0x00007ffe81960000 - 0x00007ffe819fe000 	C:\Windows\System32\msvcrt.dll
0x00007ffe80460000 - 0x00007ffe80570000 	C:\Windows\System32\gdi32full.dll
0x00007ffe7ff50000 - 0x00007ffe7ffed000 	C:\Windows\System32\msvcp_win.dll
0x00007ffe81260000 - 0x00007ffe81290000 	C:\Windows\System32\IMM32.DLL
0x00007ffe40310000 - 0x00007ffe403ab000 	C:\Program Files\Microsoft\jdk-11.0.16.101-hotspot\bin\msvcp140.dll
0x00007ffe2aa70000 - 0x00007ffe2b5fa000 	C:\Program Files\Microsoft\jdk-11.0.16.101-hotspot\bin\server\jvm.dll
0x00007ffe81110000 - 0x00007ffe811be000 	C:\Windows\System32\ADVAPI32.dll
0x00007ffe811c0000 - 0x00007ffe8125c000 	C:\Windows\System32\sechost.dll
0x00007ffe824f0000 - 0x00007ffe82616000 	C:\Windows\System32\RPCRT4.dll
0x00007ffe80bc0000 - 0x00007ffe80bc8000 	C:\Windows\System32\PSAPI.DLL
0x00007ffe67890000 - 0x00007ffe678b7000 	C:\Windows\SYSTEM32\WINMM.dll
0x00007ffe7d610000 - 0x00007ffe7d619000 	C:\Windows\SYSTEM32\WSOCK32.dll
0x00007ffe82620000 - 0x00007ffe8268b000 	C:\Windows\System32\WS2_32.dll
0x00007ffe75650000 - 0x00007ffe7565a000 	C:\Windows\SYSTEM32\VERSION.dll
0x00007ffe7dd80000 - 0x00007ffe7dd92000 	C:\Windows\SYSTEM32\kernel.appcore.dll
0x00007ffe75d30000 - 0x00007ffe75d40000 	C:\Program Files\Microsoft\jdk-11.0.16.101-hotspot\bin\verify.dll
0x00007ffe66d80000 - 0x00007ffe66f64000 	C:\Windows\SYSTEM32\DBGHELP.DLL
0x00007ffe65ce0000 - 0x00007ffe65d14000 	C:\Windows\SYSTEM32\dbgcore.DLL
0x00007ffe7fff0000 - 0x00007ffe80072000 	C:\Windows\System32\bcryptPrimitives.dll
0x00007ffe56230000 - 0x00007ffe56258000 	C:\Program Files\Microsoft\jdk-11.0.16.101-hotspot\bin\java.dll
0x00007ffe752f0000 - 0x00007ffe752fa000 	C:\Program Files\Microsoft\jdk-11.0.16.101-hotspot\bin\jimage.dll
0x00007ffe72de0000 - 0x00007ffe72df8000 	C:\Program Files\Microsoft\jdk-11.0.16.101-hotspot\bin\zip.dll
0x00007ffe81b30000 - 0x00007ffe82274000 	C:\Windows\System32\SHELL32.dll
0x00007ffe7df80000 - 0x00007ffe7e713000 	C:\Windows\SYSTEM32\windows.storage.dll
0x00007ffe81290000 - 0x00007ffe815e4000 	C:\Windows\System32\combase.dll
0x00007ffe7f880000 - 0x00007ffe7f8ae000 	C:\Windows\SYSTEM32\Wldp.dll
0x00007ffe82440000 - 0x00007ffe824ed000 	C:\Windows\System32\SHCORE.dll
0x00007ffe82280000 - 0x00007ffe822d5000 	C:\Windows\System32\shlwapi.dll
0x00007ffe7fe40000 - 0x00007ffe7fe5f000 	C:\Windows\SYSTEM32\profapi.dll
0x00007ffe71b50000 - 0x00007ffe71b69000 	C:\Program Files\Microsoft\jdk-11.0.16.101-hotspot\bin\net.dll
0x00007ffe77280000 - 0x00007ffe7738a000 	C:\Windows\SYSTEM32\WINHTTP.dll
0x00007ffe7f660000 - 0x00007ffe7f6ca000 	C:\Windows\system32\mswsock.dll
0x00007ffe5db00000 - 0x00007ffe5db13000 	C:\Program Files\Microsoft\jdk-11.0.16.101-hotspot\bin\nio.dll
0x00007ffe5a920000 - 0x00007ffe5a946000 	C:\Users\MK-91\.gradle\native\31\windows-amd64\native-platform.dll
0x00007ffe75090000 - 0x00007ffe75099000 	C:\Program Files\Microsoft\jdk-11.0.16.101-hotspot\bin\management.dll
0x00007ffe74780000 - 0x00007ffe7478b000 	C:\Program Files\Microsoft\jdk-11.0.16.101-hotspot\bin\management_ext.dll
0x00007ffe7fbe0000 - 0x00007ffe7fbf8000 	C:\Windows\SYSTEM32\CRYPTSP.dll
0x00007ffe7ef30000 - 0x00007ffe7ef64000 	C:\Windows\system32\rsaenh.dll
0x00007ffe80430000 - 0x00007ffe80457000 	C:\Windows\System32\bcrypt.dll
0x00007ffe7fe00000 - 0x00007ffe7fe2e000 	C:\Windows\SYSTEM32\USERENV.dll
0x00007ffe7f7f0000 - 0x00007ffe7f7fc000 	C:\Windows\SYSTEM32\CRYPTBASE.dll
0x00007ffe7f320000 - 0x00007ffe7f35c000 	C:\Windows\SYSTEM32\IPHLPAPI.DLL
0x00007ffe82430000 - 0x00007ffe82438000 	C:\Windows\System32\NSI.dll
0x00007ffe77720000 - 0x00007ffe77737000 	C:\Windows\SYSTEM32\dhcpcsvc6.DLL
0x00007ffe783e0000 - 0x00007ffe783fd000 	C:\Windows\SYSTEM32\dhcpcsvc.DLL
0x00007ffe7f370000 - 0x00007ffe7f43b000 	C:\Windows\SYSTEM32\DNSAPI.dll
0x00007ffe54120000 - 0x00007ffe54145000 	C:\Program Files\Microsoft\jdk-11.0.16.101-hotspot\bin\sunec.dll
0x00007ffe78020000 - 0x00007ffe7802a000 	C:\Windows\System32\rasadhlp.dll
0x00007ffe73180000 - 0x00007ffe73200000 	C:\Windows\System32\fwpuclnt.dll
0x00007ffe77d80000 - 0x00007ffe77d8e000 	C:\Program Files\Microsoft\jdk-11.0.16.101-hotspot\bin\sunmscapi.dll
0x00007ffe80080000 - 0x00007ffe801d6000 	C:\Windows\System32\CRYPT32.dll
0x00007ffe7f8f0000 - 0x00007ffe7f918000 	C:\Windows\SYSTEM32\ncrypt.dll
0x00007ffe7f8b0000 - 0x00007ffe7f8eb000 	C:\Windows\SYSTEM32\NTASN1.dll
0x00007ffe7f050000 - 0x00007ffe7f083000 	C:\Windows\SYSTEM32\ntmarta.dll
0x00007ffe7d6d0000 - 0x00007ffe7d760000 	C:\Windows\system32\apphelp.dll

dbghelp: loaded successfully - version: 4.0.5 - missing functions: none
symbol engine: initialized successfully - sym options: 0x614 - pdb path: .;C:\Program Files\Microsoft\jdk-11.0.16.101-hotspot\bin;C:\Windows\SYSTEM32;C:\Windows\WinSxS\amd64_microsoft.windows.common-controls_6595b64144ccf1df_6.0.19041.1110_none_60b5254171f9507e;C:\Program Files\Microsoft\jdk-11.0.16.101-hotspot\bin\server;C:\Users\MK-91\.gradle\native\31\windows-amd64

VM Arguments:
jvm_args: --add-opens=java.base/java.util=ALL-UNNAMED --add-opens=java.base/java.lang=ALL-UNNAMED --add-opens=java.base/java.lang.invoke=ALL-UNNAMED --add-opens=java.prefs/java.util.prefs=ALL-UNNAMED -Xmx1536m -Dfile.encoding=windows-1252 -Duser.country=US -Duser.language=en -Duser.variant 
java_command: org.gradle.launcher.daemon.bootstrap.GradleDaemon 6.1.1
java_class_path (initial): C:\Users\MK-91\.gradle\wrapper\dists\gradle-6.1.1-all\cfmwm155h49vnt3hynmlrsdst\gradle-6.1.1\lib\gradle-launcher-6.1.1.jar
Launcher Type: SUN_STANDARD

[Global flags]
     intx CICompilerCount                          = 3                                         {product} {ergonomic}
     uint ConcGCThreads                            = 1                                         {product} {ergonomic}
     uint G1ConcRefinementThreads                  = 4                                         {product} {ergonomic}
   size_t G1HeapRegionSize                         = 1048576                                   {product} {ergonomic}
    uintx GCDrainStackTargetSize                   = 64                                        {product} {ergonomic}
   size_t InitialHeapSize                          = 65011712                                  {product} {ergonomic}
   size_t MarkStackSize                            = 4194304                                   {product} {ergonomic}
   size_t MaxHeapSize                              = 1610612736                                {product} {command line}
   size_t MaxNewSize                               = 965738496                                 {product} {ergonomic}
   size_t MinHeapDeltaBytes                        = 1048576                                   {product} {ergonomic}
    uintx NonNMethodCodeHeapSize                   = 5830732                                {pd product} {ergonomic}
    uintx NonProfiledCodeHeapSize                  = 122913754                              {pd product} {ergonomic}
    uintx ProfiledCodeHeapSize                     = 122913754                              {pd product} {ergonomic}
    uintx ReservedCodeCacheSize                    = 251658240                              {pd product} {ergonomic}
     bool SegmentedCodeCache                       = true                                      {product} {ergonomic}
     bool UseCompressedClassPointers               = true                                 {lp64_product} {ergonomic}
     bool UseCompressedOops                        = true                                 {lp64_product} {ergonomic}
     bool UseG1GC                                  = true                                      {product} {ergonomic}
     bool UseLargePagesIndividualAllocation        = false                                  {pd product} {ergonomic}

Logging:
Log output configuration:
 #0: stdout all=warning uptime,level,tags
 #1: stderr all=off uptime,level,tags

Environment Variables:
PATH=C:\ProgramData\Oracle\Java\javapath;C:\Program Files\Common Files\Oracle\Java\javapath;C:\Program Files (x86)\Common Files\Oracle\Java\javapath;C:\Program Files\Microsoft\jdk-11.0.16.101-hotspot\bin;C:\Windows\system32;C:\Windows;C:\Windows\System32\Wbem;C:\Windows\System32\WindowsPowerShell\v1.0\;C:\Windows\System32\OpenSSH\;C:\Program Files\Microsoft SQL Server\150\Tools\Binn\;C:\Program Files\Microsoft SQL Server\Client SDK\ODBC\170\Tools\Binn\;C:\Program Files\dotnet\;C:\Program Files\Git\cmd;C:\Program Files\Docker\Docker\resources\bin;C:\Program Files (x86)\Microsoft SQL Server\150\Tools\Binn\;C:\Program Files (x86)\Microsoft SQL Server\150\DTS\Binn\;C:\Program Files\Microsoft SQL Server\150\DTS\Binn\;C:\Users\MK-91\AppData\Local\Microsoft\WindowsApps;;C:\Users\MK-91\AppData\Local\Programs\Microsoft VS Code\bin;C:\Users\MK-91\.dotnet\tools
USERNAME=MK-91
OS=Windows_NT
PROCESSOR_IDENTIFIER=Intel64 Family 6 Model 37 Stepping 5, GenuineIntel
TMP=C:\Users\MK-91\AppData\Local\Temp
TEMP=C:\Users\MK-91\AppData\Local\Temp



---------------  S Y S T E M  ---------------

OS: Windows 10 , 64 bit Build 19041 (10.0.19041.2788)
OS uptime: 2 days 19:30 hours
Hyper-V role detected

CPU:total 4 (initial active 4) (2 cores per cpu, 2 threads per core) family 6 model 37 stepping 5 microcode 0x7, cmov, cx8, fxsr, mmx, sse, sse2, sse3, ssse3, sse4.1, sse4.2, popcnt, ht, tsc, tscinvbit

Memory: 4k page, system-wide physical 3956M (161M free)
TotalPageFile size 16244M (AvailPageFile size 5M)
current process WorkingSet (physical memory assigned to process): 281M, peak: 449M
current process commit charge ("private bytes"): 595M, peak: 681M

vm_info: OpenJDK 64-Bit Server VM (11.0.16.1+1-LTS) for windows-amd64 JRE (11.0.16.1+1-LTS), built on Aug 20 2022 20:09:04 by "" with MS VC++ 15.9 (VS2017)

END.
